<testsuites>
  <testsuite name="Customers.Tests.dll" tests="1" skipped="0" failures="0" errors="0" time="0.0036479" timestamp="2024-12-02T14:28:11" hostname="WORKSTATION_MEL" id="0" package="Customers.Tests.dll">
    <properties />
    <testcase classname="Inventory.Tests.GenericUnitTest" name="Test" time="0.0036479" />
    <system-out>
Test Framework Informational Messages:
[xUnit.net 00:00:00.00] xUnit.net VSTest Adapter v2.8.2+699d445a1a (64-bit .NET 9.0.0)
[xUnit.net 00:00:00.08]   Discovering: Customers.Tests
[xUnit.net 00:00:00.11]   Discovered:  Customers.Tests
[xUnit.net 00:00:00.11]   Starting:    Customers.Tests
[xUnit.net 00:00:00.16]   Finished:    Customers.Tests
</system-out>
    <system-err></system-err>
  </testsuite>
</testsuites>