<testsuites>
  <testsuite name="TrinityBack.Tests.dll" tests="2" skipped="0" failures="0" errors="0" time="4.3294350999999995" timestamp="2024-12-02T14:28:12" hostname="WORKSTATION_MEL" id="0" package="TrinityBack.Tests.dll">
    <properties />
    <testcase classname="TrinityBack.Tests.Integration.Inventory.Health.HealthTest" name="Get_Health_is_Healthy(url: &quot;/health&quot;)" time="3.2111052" />
    <testcase classname="TrinityBack.Tests.Integration.Customers.Health.HealthTest" name="Get_Health_is_Healthy(url: &quot;/health&quot;)" time="1.1183299" />
    <system-out>
Test Framework Informational Messages:
[xUnit.net 00:00:00.00] xUnit.net VSTest Adapter v2.8.2+699d445a1a (64-bit .NET 9.0.0)
[xUnit.net 00:00:00.09]   Discovering: TrinityBack.Tests
[xUnit.net 00:00:00.13]   Discovered:  TrinityBack.Tests
[xUnit.net 00:00:00.13]   Starting:    TrinityBack.Tests
[testcontainers.org 00:00:00.07] Connected to Docker:
  Host: npipe://./pipe/docker_engine
  Server Version: 27.2.0
  Kernel Version: 5.15.153.1-microsoft-standard-WSL2
  API Version: 1.47
  Operating System: Docker Desktop
  Total Memory: 7.57 GB
  Labels: 
    com.docker.desktop.address=npipe://\\.\pipe\docker_cli
[testcontainers.org 00:00:00.25] Docker container 76d6be59e7b1 created
[testcontainers.org 00:00:00.29] Start Docker container 76d6be59e7b1
[testcontainers.org 00:00:01.72] Wait for Docker container 76d6be59e7b1 to complete readiness checks
[testcontainers.org 00:00:01.72] Docker container 76d6be59e7b1 ready
[testcontainers.org 00:00:01.83] Docker container 542cd957a742 created
[testcontainers.org 00:00:01.87] Start Docker container 542cd957a742
[testcontainers.org 00:00:02.19] Wait for Docker container 542cd957a742 to complete readiness checks
[testcontainers.org 00:00:02.21] Execute "pg_isready --host localhost --dbname InventoryDB --username Inventory" at Docker container 542cd957a742
[testcontainers.org 00:00:03.34] Execute "pg_isready --host localhost --dbname InventoryDB --username Inventory" at Docker container 542cd957a742
[testcontainers.org 00:00:04.43] Execute "pg_isready --host localhost --dbname InventoryDB --username Inventory" at Docker container 542cd957a742
[testcontainers.org 00:00:04.51] Docker container 542cd957a742 ready
[testcontainers.org 00:00:04.63] Docker container b3fa44358548 created
[testcontainers.org 00:00:04.65] Start Docker container b3fa44358548
[testcontainers.org 00:00:06.03] Add file to tar archive: Content length: 387 byte(s), Target file: "/testcontainers.sh"
[testcontainers.org 00:00:06.04] Copy tar archive to container: Content length: 387 byte(s), Docker container: b3fa44358548
[testcontainers.org 00:00:06.07] Wait for Docker container b3fa44358548 to complete readiness checks
[testcontainers.org 00:00:12.30] Docker container b3fa44358548 ready
[15:28:26 INF] No action descriptors found. This may indicate an incorrectly configured application or missing application parts. To learn more, visit https://aka.ms/aspnet/mvc/app-parts
[15:28:26 INF] Request starting HTTP/1.1 GET http://localhost/health - null null
[15:28:26 WRN] Failed to determine the https port for redirect.
[15:28:26 INF] Executing endpoint 'Health checks'
[15:28:28 INF] Executed endpoint 'Health checks'
[15:28:28 INF] Request finished HTTP/1.1 GET http://localhost/health - 200 null application/json 2204.254ms
[testcontainers.org 00:00:15.61] Delete Docker container 542cd957a742
[testcontainers.org 00:00:16.09] Delete Docker container b3fa44358548
[testcontainers.org 00:00:16.84] Docker container c60c3529783a created
[testcontainers.org 00:00:16.84] Start Docker container c60c3529783a
[testcontainers.org 00:00:17.18] Wait for Docker container c60c3529783a to complete readiness checks
[testcontainers.org 00:00:17.20] Execute "pg_isready --host localhost --dbname CustomersDB --username Customers" at Docker container c60c3529783a
[testcontainers.org 00:00:18.29] Execute "pg_isready --host localhost --dbname CustomersDB --username Customers" at Docker container c60c3529783a
[testcontainers.org 00:00:19.37] Execute "pg_isready --host localhost --dbname CustomersDB --username Customers" at Docker container c60c3529783a
[testcontainers.org 00:00:19.45] Docker container c60c3529783a ready
[testcontainers.org 00:00:19.58] Docker container 4c74ad28b2ac created
[testcontainers.org 00:00:19.60] Start Docker container 4c74ad28b2ac
[testcontainers.org 00:00:20.89] Add file to tar archive: Content length: 387 byte(s), Target file: "/testcontainers.sh"
[testcontainers.org 00:00:20.89] Copy tar archive to container: Content length: 387 byte(s), Docker container: 4c74ad28b2ac
[testcontainers.org 00:00:20.90] Wait for Docker container 4c74ad28b2ac to complete readiness checks
[testcontainers.org 00:00:26.10] Docker container 4c74ad28b2ac ready
[15:28:39 INF] No action descriptors found. This may indicate an incorrectly configured application or missing application parts. To learn more, visit https://aka.ms/aspnet/mvc/app-parts
[15:28:39 INF] Request starting HTTP/1.1 GET http://localhost/health - null null
[15:28:39 WRN] Failed to determine the https port for redirect.
[15:28:39 INF] Executing endpoint 'Health checks'
[15:28:40 INF] Executed endpoint 'Health checks'
[15:28:40 INF] Request finished HTTP/1.1 GET http://localhost/health - 200 null application/json 1060.1239ms
[testcontainers.org 00:00:27.34] Delete Docker container c60c3529783a
[testcontainers.org 00:00:27.73] Delete Docker container 4c74ad28b2ac
[xUnit.net 00:00:28.51]   Finished:    TrinityBack.Tests
</system-out>
    <system-err></system-err>
  </testsuite>
</testsuites>