<testsuites>
  <testsuite name="Inventory.Tests.dll" tests="1" skipped="0" failures="0" errors="0" time="0.002721" timestamp="2024-12-02T14:28:12" hostname="WORKSTATION_MEL" id="0" package="Inventory.Tests.dll">
    <properties />
    <testcase classname="Inventory.Tests.GenericUnitTest" name="Test" time="0.0027210" />
    <system-out>
Test Framework Informational Messages:
[xUnit.net 00:00:00.00] xUnit.net VSTest Adapter v2.8.2+699d445a1a (64-bit .NET 9.0.0)
[xUnit.net 00:00:00.08]   Discovering: Inventory.Tests
[xUnit.net 00:00:00.11]   Discovered:  Inventory.Tests
[xUnit.net 00:00:00.12]   Starting:    Inventory.Tests
[xUnit.net 00:00:00.16]   Finished:    Inventory.Tests
</system-out>
    <system-err></system-err>
  </testsuite>
</testsuites>